<?xml version="1.0" encoding="UTF-8"?>
<testsuite xmlns:xsi="http://www.w3.org/2001/XMLSchema-instance" xsi:noNamespaceSchemaLocation="https://maven.apache.org/surefire/maven-surefire-plugin/xsd/surefire-test-report.xsd" name="com.tencent.wxcloudrun.controller.DietRecordControllerTest" time="0.009" tests="4" errors="0" skipped="0" failures="0">
  <properties>
[...]
</properties>
  <testcase name="rejectsInvalidDateAndMeal" classname="com.tencent.wxcloudrun.controller.DietRecordControllerTest" time="0.004"/>
  <testcase name="rejectsRequestWithoutTrustedOpenId" classname="com.tencent.wxcloudrun.controller.DietRecordControllerTest" time="0"/>
  <testcase name="passesTrustedUserAndValidatedPathToService" classname="com.tencent.wxcloudrun.controller.DietRecordControllerTest" time="0.003"/>
  <testcase name="rejectsNonFiniteNutrition" classname="com.tencent.wxcloudrun.controller.DietRecordControllerTest" time="0.001"/>
</testsuite>